<?xml version="1.0" encoding="UTF-8"?>
<!-- Generated by org.testng.reporters.JUnitXMLReporter -->
<testsuite ignored="0" hostname="kairosHW0423" failures="1" tests="3" name="TestwithEdge" time="57.57" errors="0" timestamp="2023-06-15T16:37:07 IST">
  <testcase classname="com.POM.TestPages.ImageSearchTest" name="imageSearchClickTest" time="10.487">
    <failure type="java.lang.AssertionError" message="Selected text Images is not displayed expected [true] but found [false]">
      <![CDATA[java.lang.AssertionError: Selected text Images is not displayed expected [true] but found [false]
at com.Utility.Validations.isSelected(Validations.java:81)
at com.POM.Pages.ImageSearch.imagePageValidation(ImageSearch.java:59)
at com.POM.TestPages.ImageSearchTest.imageSearchClickTest(ImageSearchTest.java:20)
at java.base/java.util.ArrayList.forEach(ArrayList.java:1511)
... Removed 30 stack frames]]>
    </failure>
  </testcase> <!-- imageSearchClickTest -->
  <testcase classname="com.POM.TestPages.SearchFunctionalityTest" name="searchfunctionalityTest" time="3.671"/>
  <testcase classname="com.POM.TestPages.SearchSuggestionsTest" name="searchSuggestionsTest" time="32.15"/>
</testsuite> <!-- TestwithEdge -->
