<!DOCTYPE html PUBLIC "-//W3C//DTD XHTML 1.1//EN" "https://www.w3.org/TR/xhtml11/DTD/xhtml11.dtd">
<html xmlns="https://www.w3.org/1999/xhtml">
<head>
<meta http-equiv="content-type" content="text/html; charset=UTF-8"/>
<title>TestNG Report</title>
<style type="text/css">table {margin-bottom:10px;border-collapse:collapse;empty-cells:show}th,td {border:1px solid #009;padding:.25em .5em}th {vertical-align:bottom}td {vertical-align:top}table a {font-weight:bold}.stripe td {background-color: #E6EBF9}.num {text-align:right}.passedodd td {background-color: #3F3}.passedeven td {background-color: #0A0}.skippedodd td {background-color: #DDD}.skippedeven td {background-color: #CCC}.failedodd td,.attn {background-color: #F33}.failedeven td,.stripe .attn {background-color: #D00}.stacktrace {white-space:pre;font-family:monospace}.totop {font-size:85%;text-align:center;border-bottom:2px solid #000}.invisible {display:none}</style>
</head>
<body>
<table>
<tr><th>Test</th><th># Passed</th><th># Skipped</th><th># Retried</th><th># Failed</th><th>Time (ms)</th><th>Included Groups</th><th>Excluded Groups</th></tr>
<tr><th colspan="8">Suite</th></tr>
<tr><td><a href="#t0">TestwithChrome</a></td><td class="num">2</td><td class="num">0</td><td class="num">0</td><td class="num attn">1</td><td class="num">40,892</td><td></td><td></td></tr>
<tr class="stripe"><td><a href="#t1">TestwithEdge</a></td><td class="num">2</td><td class="num">0</td><td class="num">0</td><td class="num attn">1</td><td class="num">57,570</td><td></td><td></td></tr>
<tr><th>Total</th><th class="num">4</th><th class="num">0</th><th class="num">0</th><th class="num attn">2</th><th class="num">98,462</th><th colspan="2"></th></tr>
</table>
<table id='summary'><thead><tr><th>Class</th><th>Method</th><th>Start</th><th>Time (ms)</th></tr></thead><tbody><tr><th colspan="4">Suite</th></tr></tbody><tbody id="t0"><tr><th colspan="4">TestwithChrome &#8212; failed</th></tr><tr class="failedeven"><td rowspan="1">com.POM.TestPages.ImageSearchTest</td><td><a href="#m0">imageSearchClickTest</a></td><td rowspan="1">1686827131652</td><td rowspan="1">11142</td></tr><tr><th colspan="4">TestwithChrome &#8212; passed</th></tr><tr class="passedeven"><td rowspan="1">com.POM.TestPages.SearchFunctionalityTest</td><td><a href="#m1">searchfunctionalityTest</a></td><td rowspan="1">1686827144920</td><td rowspan="1">2145</td></tr><tr class="passedodd"><td rowspan="1">com.POM.TestPages.SearchSuggestionsTest</td><td><a href="#m2">searchSuggestionsTest</a></td><td rowspan="1">1686827149220</td><td rowspan="1">20395</td></tr></tbody>
<tbody id="t1"><tr><th colspan="4">TestwithEdge &#8212; failed</th></tr><tr class="failedeven"><td rowspan="1">com.POM.TestPages.ImageSearchTest</td><td><a href="#m3">imageSearchClickTest</a></td><td rowspan="1">1686827173841</td><td rowspan="1">10487</td></tr><tr><th colspan="4">TestwithEdge &#8212; passed</th></tr><tr class="passedeven"><td rowspan="1">com.POM.TestPages.SearchFunctionalityTest</td><td><a href="#m4">searchfunctionalityTest</a></td><td rowspan="1">1686827188014</td><td rowspan="1">3671</td></tr><tr class="passedodd"><td rowspan="1">com.POM.TestPages.SearchSuggestionsTest</td><td><a href="#m5">searchSuggestionsTest</a></td><td rowspan="1">1686827195514</td><td rowspan="1">32150</td></tr></tbody>
</table>
<h2>TestwithChrome</h2><h3 id="m0">com.POM.TestPages.ImageSearchTest#imageSearchClickTest</h3><table class="result"><tr><th>Messages</th></tr><tr><td><div class="messages">Start-imageSearchClickTest<br/>Failure-imageSearchClickTest</div></td></tr><tr><th>Exception</th></tr><tr><td><div class="stacktrace">java.lang.AssertionError: Selected text Images is not displayed expected [true] but found [false]
	at com.Utility.Validations.isSelected(Validations.java:81)
	at com.POM.Pages.ImageSearch.imagePageValidation(ImageSearch.java:59)
	at com.POM.TestPages.ImageSearchTest.imageSearchClickTest(ImageSearchTest.java:20)
	at java.base/java.util.ArrayList.forEach(ArrayList.java:1511)
... Removed 30 stack frames</div></td></tr></table><p class="totop"><a href="#summary">back to summary</a></p>
<h3 id="m1">com.POM.TestPages.SearchFunctionalityTest#searchfunctionalityTest</h3><table class="result"><tr><th>Messages</th></tr><tr><td><div class="messages">Start-searchfunctionalityTest<br/>success-searchfunctionalityTest</div></td></tr></table><p class="totop"><a href="#summary">back to summary</a></p>
<h3 id="m2">com.POM.TestPages.SearchSuggestionsTest#searchSuggestionsTest</h3><table class="result"><tr><th>Messages</th></tr><tr><td><div class="messages">Start-searchSuggestionsTest<br/>success-searchSuggestionsTest</div></td></tr></table><p class="totop"><a href="#summary">back to summary</a></p>
<h2>TestwithEdge</h2><h3 id="m3">com.POM.TestPages.ImageSearchTest#imageSearchClickTest</h3><table class="result"><tr><th>Messages</th></tr><tr><td><div class="messages">Start-imageSearchClickTest<br/>Failure-imageSearchClickTest</div></td></tr><tr><th>Exception</th></tr><tr><td><div class="stacktrace">java.lang.AssertionError: Selected text Images is not displayed expected [true] but found [false]
	at com.Utility.Validations.isSelected(Validations.java:81)
	at com.POM.Pages.ImageSearch.imagePageValidation(ImageSearch.java:59)
	at com.POM.TestPages.ImageSearchTest.imageSearchClickTest(ImageSearchTest.java:20)
	at java.base/java.util.ArrayList.forEach(ArrayList.java:1511)
... Removed 30 stack frames</div></td></tr></table><p class="totop"><a href="#summary">back to summary</a></p>
<h3 id="m4">com.POM.TestPages.SearchFunctionalityTest#searchfunctionalityTest</h3><table class="result"><tr><th>Messages</th></tr><tr><td><div class="messages">Start-searchfunctionalityTest<br/>success-searchfunctionalityTest</div></td></tr></table><p class="totop"><a href="#summary">back to summary</a></p>
<h3 id="m5">com.POM.TestPages.SearchSuggestionsTest#searchSuggestionsTest</h3><table class="result"><tr><th>Messages</th></tr><tr><td><div class="messages">Start-searchSuggestionsTest<br/>success-searchSuggestionsTest</div></td></tr></table><p class="totop"><a href="#summary">back to summary</a></p>
</body>
</html>
